        -:    0:Source:/mnt/c/Users/Mihai/Downloads/Lab2-4 (2)/Lab2-4/Lab2-4/Domeniu/tranzactie.c
        -:    0:Graph:/mnt/c/Users/Mihai/Downloads/Lab2-4 (2)/Lab2-4/Lab2-4/cmake-build-debug-coverage/CMakeFiles/Lab2_4.dir/Domeniu/tranzactie.c.gcno
        -:    0:Data:/mnt/c/Users/Mihai/Downloads/Lab2-4 (2)/Lab2-4/Lab2-4/cmake-build-debug-coverage/CMakeFiles/Lab2_4.dir/Domeniu/tranzactie.c.gcda
        -:    0:Runs:1
        -:    1://
        -:    2:// Created by Mihai on 26.03.2025.
        -:    3://
        -:    4:#include "tranzactie.h"
        -:    5:
        -:    6:#include <stdlib.h>
        -:    7:#include <string.h>
        -:    8:
function createTranzactie called 15 returned 100% blocks executed 75%
       15:    9:Tranzactie* createTranzactie(int zi,float sum,char* tip,char* desc) {
       15:   10:    Tranzactie* t = (Tranzactie*)malloc(sizeof(Tranzactie));
       15:   11:    if (t==NULL) {
       15:   11-block  0
branch  0 taken 0 (fallthrough)
branch  1 taken 15
    #####:   12:        return NULL;
    %%%%%:   12-block  0
        -:   13:    }
       15:   14:    t->ziua=zi;
       15:   15:    t->suma=sum;
       15:   16:    t->tip = (char*) malloc(sizeof(char)*(strlen(tip)+1));
       15:   17:    strcpy(t->tip,tip);
       15:   18:    t->descriere = (char*) malloc(sizeof(char)*(strlen(desc)+1));
       15:   19:    strcpy(t->descriere,desc);
       15:   20:    return t;
       15:   20-block  0
        -:   21:}
        -:   22:
function destroyTranzactie called 23 returned 100% blocks executed 100%
       23:   23:void destroyTranzactie(Tranzactie* t) {
       23:   24:    free(t->tip);
       23:   25:    free(t->descriere);
       23:   26:    free(t);
       23:   27:}
        -:   28:
function copyTranzactie called 8 returned 100% blocks executed 75%
        8:   29:Tranzactie* copyTranzactie(Tranzactie* t) {
        8:   30:    Tranzactie* copy=(Tranzactie*)malloc(sizeof(Tranzactie));
        8:   31:    if (copy==NULL) {
        8:   31-block  0
branch  0 taken 0 (fallthrough)
branch  1 taken 8
    #####:   32:        return NULL;
    %%%%%:   32-block  0
        -:   33:    }
        8:   34:    copy->tip = (char*) malloc(sizeof(char)*(strlen(t->tip)+1));
        8:   35:    strcpy(copy->tip,t->tip);
        8:   36:    copy->descriere = (char*) malloc(sizeof(char)*(strlen(t->descriere)+1));
        8:   37:    strcpy(copy->descriere,t->descriere);
        8:   38:    copy->ziua=t->ziua;
        8:   39:    copy->suma=t->suma;
        8:   40:    return copy;
        8:   40-block  0
        -:   41:}
