        -:    0:Source:/mnt/c/Users/Mihai/CLionProjects/oop/Tema Lab1/Domain/offer_list.c
        -:    0:Graph:/mnt/c/Users/Mihai/CLionProjects/oop/Tema Lab1/cmake-build-wsl_profile-coverage/CMakeFiles/Tema_Lab1.dir/Domain/offer_list.c.gcno
        -:    0:Data:/mnt/c/Users/Mihai/CLionProjects/oop/Tema Lab1/cmake-build-wsl_profile-coverage/CMakeFiles/Tema_Lab1.dir/Domain/offer_list.c.gcda
        -:    0:Runs:1
        -:    1://
        -:    2:// Created by Mihai on 07.03.2025.
        -:    3://
        -:    4:#include "offer_list.h"
        -:    5:
function createOfferList called 5 returned 100% blocks executed 100%
        5:    6:Offer_list* createOfferList() {
        5:    7:    Offer_list* l=malloc(sizeof(Offer_list));
        5:    8:    l->length=0;
        5:    9:    l->capacity=1000;
        5:   10:    l->offers=malloc(l->capacity*sizeof(Offer));
        5:   11:    return l;
        5:   11-block  0
        -:   12:}
        -:   13:
function destroyOfferList called 5 returned 100% blocks executed 100%
        5:   14:void destroyOfferList(Offer_list* l) {
        5:   15:    free(l->offers);
        5:   16:    free(l);
        5:   17:}
        -:   18:
function resize called 2 returned 100% blocks executed 100%
        2:   19:void resize(Offer_list* l) {
        2:   20:    int newCap=l->capacity*2;
        2:   21:    Offer* newOffers=malloc(newCap*sizeof(Offer));
        -:   22:    int i;
        3:   23:    for (i=0;i<l->length;i++) {
        2:   23-block  0
        3:   23-block  1
branch  0 taken 1
branch  1 taken 2 (fallthrough)
        1:   24:        newOffers[i]=l->offers[i];
        1:   24-block  0
        -:   25:    }
        2:   26:    free(l->offers);
        2:   27:    l->offers=newOffers;
        2:   28:    l->capacity=newCap;
        2:   29:}
        -:   30:
