        -:    0:Source:/mnt/c/Users/Mihai/CLionProjects/oop/Tema Lab1/Tests/test_domain.c
        -:    0:Graph:/mnt/c/Users/Mihai/CLionProjects/oop/Tema Lab1/cmake-build-wsl_profile-coverage/CMakeFiles/Tema_Lab1.dir/Tests/test_domain.c.gcno
        -:    0:Data:/mnt/c/Users/Mihai/CLionProjects/oop/Tema Lab1/cmake-build-wsl_profile-coverage/CMakeFiles/Tema_Lab1.dir/Tests/test_domain.c.gcda
        -:    0:Runs:1
        -:    1://
        -:    2:// Created by Mihai on 11.03.2025.
        -:    3://
        -:    4:#include "test_domain.h"
        -:    5:
function runDomainTests called 1 returned 100% blocks executed 67%
        1:    6:void runDomainTests() {
        1:    7:    Offer_list* l=createOfferList();
        1:    7-block  0
call    0 returned 1
       1*:    8:    assert(l->length==0);
branch  0 taken 0 (fallthrough)
branch  1 taken 1
    %%%%%:    8-block  0
call    2 never executed
       1*:    9:    assert(l->capacity==1000);
        1:    9-block  0
branch  0 taken 0 (fallthrough)
branch  1 taken 1
    %%%%%:    9-block  1
call    2 never executed
       1*:   10:    assert(l->offers!=NULL);
        1:   10-block  0
branch  0 taken 0 (fallthrough)
branch  1 taken 1
    %%%%%:   10-block  1
call    2 never executed
        1:   11:    resize(l);
        1:   11-block  0
call    0 returned 1
       1*:   12:    assert(l->capacity==2000);
branch  0 taken 0 (fallthrough)
branch  1 taken 1
    %%%%%:   12-block  0
call    2 never executed
        1:   13:    destroyOfferList(l);
        1:   13-block  0
call    0 returned 1
        1:   14:}
